
------------------------------------------------------
PROGRAM VERSION: 1.0.8.11
COMPUTER NAME: UNMSM-5421E56E4
USER NAME:	 USUARIO
TIME: 05/13/12 16:42:37.876
INFO: 

Exception code: C0000005 ACCESS_VIOLATION
Fault address:	00489850 01:00088850 C:\Archivos de programa\Starcraft\starcraft.exe

Registers:
EAX:0002501A
EBX:00000000
ECX:00679B40
EDX:00665F44
ESI:00000000
EDI:00665F44
CS:EIP:001B:00489850
SS:ESP:0023:0012FE50 EBP:00665F48
DS:0023 ES:0023 FS:003B GS:0000
Flags:00210202
Call stack:
Address  Frame    Logical addr  Module
00489850 00665F48 0001:00088850 C:\Archivos de programa\Starcraft\starcraft.exe

Stack bytes:
0x0012fe50: 7c fe 12 00  00 00 00 00  04 00 00 00  03 00 00 00  |...............
0x0012fe60: 1a 50 02 00  e7 6f 48 00  48 5f 66 00  01 00 00 00  .P...oH.H_f.....
0x0012fe70: 03 00 00 00  63 2b 49 00  17 86 44 00  a0 fe 12 00  ....c+I...D.....
0x0012fe80: 20 85 44 00  00 00 00 00  11 37 4a 00  00 00 00 00   .D......7J.....
0x0012fe90: 00 00 00 00  2c ab 0a 01  01 00 00 00  01 00 00 00  ....,...........
0x0012fea0: b4 fe 12 00  6e 83 44 00  5c a3 0a 01  01 fe 12 00  ....n.D.\.......
0x0012feb0: 00 00 00 00  bc fe 12 00  6b 82 44 00  0a 00 00 00  ........k.D.....
0x0012fec0: ac a6 46 00  00 00 00 00  fe a4 46 00  38 00 31 00  ..F.......F.8.1.
0x0012fed0: ba 23 14 00  c0 ff 12 00  00 f0 fd 7f  00 02 00 00  .#..............
0x0012fee0: 08 00 00 00  54 bf 16 00  5f 11 27 00  54 bf 16 00  ....T..._.'.T...
0x0012fef0: 00 00 00 00  20 00 00 00  41 00 00 00  00 c0 f7 0d  .... ...A.......
0x0012ff00: 00 e0 df 04  00 c0 29 22  00 90 13 1b  00 00 fe 7f  ......)"........
0x0012ff10: 00 c0 bf 7d  00 00 00 00  00 10 00 00  00 00 01 00  ...}............
0x0012ff20: ff ff fe 7f  01 00 00 00  01 00 00 00  4a 02 00 00  ............J...
0x0012ff30: 00 00 01 00  06 00 00 07  e2 fb 4c 00  00 00 40 00  ..........L...@.
0x0012ff40: 00 00 00 00  ba 23 14 00  01 00 00 00  38 00 31 00  .....#......8.1.
0x0012ff50: 38 00 38 00  00 f0 fd 7f  05 00 00 c0  ba 23 14 00  8.8..........#..
0x0012ff60: b9 f1 6e 80  44 00 00 00  78 3d 14 00  88 3d 14 00  ..n.D...x=...=..
0x0012ff70: a0 3d 14 00  00 00 00 00  00 00 00 00  00 00 00 00  .=..............
0x0012ff80: 00 00 00 00  00 00 00 00  00 00 00 00  00 00 00 00  ................
0x0012ff90: 01 0c 00 00  01 00 00 00  00 00 00 00  00 00 00 00  ................
0x0012ffa0: 01 00 01 00  00 00 00 00  4c ff 12 00  74 fa 12 00  ........L...t...
0x0012ffb0: e0 ff 12 00  f8 30 4d 00  b0 f2 4e 00  00 00 00 00  .....0M...N.....
0x0012ffc0: f0 ff 12 00  67 70 81 7c  38 00 31 00  38 00 38 00  ....gp.|8.1.8.8.
0x0012ffd0: 00 f0 fd 7f  b8 b6 54 80  c8 ff 12 00  a8 6d 9e fe  ......T......m..
0x0012ffe0: ff ff ff ff  c0 9a 83 7c  70 70 81 7c  00 00 00 00  .......|pp.|....
0x0012fff0: 00 00 00 00  00 00 00 00  90 fa 4c 00  00 00 00 00  ..........L.....
0x00130000: 41 63 74 78  20 00 00 00  01 00 00 00  98 24 00 00  Actx ........$..
0x00130010: c4 00 00 00  00 00 00 00  20 00 00 00  00 00 00 00  ........ .......
0x00130020: 14 00 00 00  01 00 00 00  06 00 00 00  34 00 00 00  ............4...
0x00130030: 14 01 00 00  01 00 00 00  00 00 00 00  00 00 00 00  ................
0x00130040: 00 00 00 00  00 00 00 00  00 00 00 00  02 00 00 00  ................
0x00130050: 00 00 00 00  00 00 00 00  00 00 00 00  14 02 00 00  ................
0x00130060: 9c 01 00 00  00 00 00 00  5b 49 59 2d  b0 03 00 00  ........[IY-....
0x00130070: 32 00 00 00  e4 03 00 00  d2 02 00 00  00 00 00 00  2...............
0x00130080: e4 02 02 83  b8 06 00 00  46 00 00 00  00 07 00 00  ........F.......
0x00130090: ea 02 00 00  00 00 00 00  d2 d5 8c d1  ec 09 00 00  ................
0x001300a0: 46 00 00 00  34 0a 00 00  ea 02 00 00  00 00 00 00  F...4...........
0x001300b0: 2e ad 6a d8  20 0d 00 00  46 00 00 00  68 0d 00 00  ..j. ...F...h...
0x001300c0: 04 03 00 00  10 00 00 00  04 00 00 00  d4 00 00 00  ................
0x001300d0: 02 00 00 00  01 00 00 00  14 01 00 00  8c 0f 00 00  ................
0x001300e0: 01 00 00 00  02 00 00 00  a0 10 00 00  2c 03 00 00  ............,...
0x001300f0: 01 00 00 00  04 00 00 00  cc 13 00 00  50 10 00 00  ............P...
0x00130100: 02 00 00 00  06 00 00 00  1c 24 00 00  7c 00 00 00  .........$..|...
0x00130110: 02 00 00 00  53 73 48 64  2c 00 00 00  01 00 00 00  ....SsHd,.......
0x00130120: 01 00 00 00  01 00 00 00  05 00 00 00  88 00 00 00  ................
0x00130130: 01 00 00 00  58 0f 00 00  2c 00 00 00  5a 00 00 00  ....X...,...Z...
0x00130140: 5a 00 00 00  00 00 00 00  00 00 00 00  00 00 00 00  Z...............

Code bytes:
0x00489850: 8b 70 0c 85  f6 74 56 8b  4e 10 33 c0  8a 41 4d 83  .p...tV.N.3..AM.



------------------------------------------------------
PROGRAM VERSION: 1.0.8.11
COMPUTER NAME: UNMSM-5421E56E4
USER NAME:	 USUARIO
TIME: 07/08/12 22:26:28.904
INFO: 

Exception code: C0000005 ACCESS_VIOLATION
Fault address:	0048C51F 01:0008B51F C:\Archivos de programa\Starcraft\starcraft.exe

Registers:
EAX:00000000
EBX:00000009
ECX:00000000
EDX:00000000
ESI:0002501A
EDI:00000011
CS:EIP:001B:0048C51F
SS:ESP:0023:0012FD94 EBP:0012FE7C
DS:0023 ES:0023 FS:003B GS:0000
Flags:00210202
Call stack:
Address  Frame    Logical addr  Module
0048C51F 0012FE7C 0001:0008B51F C:\Archivos de programa\Starcraft\starcraft.exe
00448520 0012FEA0 0001:00047520 C:\Archivos de programa\Starcraft\starcraft.exe
0044836E 0012FEB4 0001:0004736E C:\Archivos de programa\Starcraft\starcraft.exe
0044826B 0012FEBC 0001:0004726B C:\Archivos de programa\Starcraft\starcraft.exe

Stack bytes:
0x0012fd94: 10 c0 68 00  10 c0 68 00  6d da 49 00  29 00 00 00  ..h...h.m.I.)...
0x0012fda4: 14 b0 68 00  cc a4 49 00  00 00 00 00  0c ae 68 00  ..h...I.......h.
0x0012fdb4: 7c fe 12 00  03 00 00 00  90 00 00 00  09 01 00 00  |...............
0x0012fdc4: 8c 92 02 15  0a 00 00 00  d8 fd 12 00  00 00 00 00  ................
0x0012fdd4: 02 00 00 00  00 00 00 00  00 00 a8 43  00 00 10 43  ...........C...C
0x0012fde4: 00 00 f0 43  88 23 4e 00  65 68 02 0b  00 fe 12 00  ...C.#N.eh......
0x0012fdf4: 00 00 00 00  02 00 00 00  f8 99 da 02  00 00 00 00  ................
0x0012fe04: 50 01 00 00  90 00 00 00  e0 01 00 00  13 22 4e 00  P............"N.
0x0012fe14: a6 8f 3a 7e  01 a2 65 00  7c fe 12 00  00 00 00 00  ..:~..e.|.......
0x0012fe24: 13 00 00 00  5c 01 00 00  85 00 00 00  db 01 00 00  ....\...........
0x0012fe34: 00 00 00 00  3b 01 00 00  89 00 00 00  df 01 00 00  ....;...........
0x0012fe44: ea fe 46 00  04 00 00 00  01 00 00 00  7c fe 12 00  ..F.........|...
0x0012fe54: 03 00 00 00  01 48 00 00  32 a0 47 00  04 00 00 00  .....H..2.G.....
0x0012fe64: 01 00 00 00  ec a3 49 00  04 00 00 00  01 00 00 00  ......I.........
0x0012fe74: b5 2a 49 00  17 86 44 00  a0 fe 12 00  20 85 44 00  .*I...D..... .D.
0x0012fe84: 00 00 00 00  11 37 4a 00  01 00 00 00  00 00 00 00  .....7J.........
0x0012fe94: da 4c 20 03  01 00 00 00  01 00 00 00  b4 fe 12 00  .L .............
0x0012fea4: 6e 83 44 00  0a 45 20 03  01 fe 12 00  00 00 00 00  n.D..E .........
0x0012feb4: bc fe 12 00  6b 82 44 00  0a 00 00 00  ac a6 46 00  ....k.D.......F.
0x0012fec4: 00 00 00 00  fe a4 46 00  38 00 31 00  ba 23 14 00  ......F.8.1..#..
0x0012fed4: c0 ff 12 00  00 e0 fd 7f  00 02 00 00  08 00 00 00  ................
0x0012fee4: 84 c6 18 00  5f 11 27 00  84 c6 18 00  00 00 00 00  ...._.'.........
0x0012fef4: 20 00 00 00  2d 00 00 00  00 c0 f7 0d  00 f0 a1 07   ...-...........
0x0012ff04: 00 c0 29 22  00 30 4d 1b  00 00 fe 7f  00 c0 bf 7d  ..)".0M........}
0x0012ff14: 00 00 00 00  00 10 00 00  00 00 01 00  ff ff fe 7f  ................
0x0012ff24: 01 00 00 00  01 00 00 00  4a 02 00 00  00 00 01 00  ........J.......
0x0012ff34: 06 00 00 07  e2 fb 4c 00  00 00 40 00  00 00 00 00  ......L...@.....
0x0012ff44: ba 23 14 00  01 00 00 00  38 00 31 00  38 00 38 00  .#......8.1.8.8.
0x0012ff54: 00 e0 fd 7f  05 00 00 c0  ba 23 14 00  2c 4b 38 c0  .........#..,K8.
0x0012ff64: 44 00 00 00  78 3d 14 00  88 3d 14 00  a0 3d 14 00  D...x=...=...=..
0x0012ff74: 00 00 00 00  00 00 00 00  00 00 00 00  00 00 00 00  ................
0x0012ff84: 00 00 00 00  00 00 00 00  00 00 00 00  01 0c 00 00  ................
0x0012ff94: 01 00 00 00  00 00 00 00  00 00 00 00  01 00 01 00  ................
0x0012ffa4: 00 00 00 00  4c ff 12 00  b8 f9 12 00  e0 ff 12 00  ....L...........
0x0012ffb4: f8 30 4d 00  b0 f2 4e 00  00 00 00 00  f0 ff 12 00  .0M...N.........
0x0012ffc4: 67 70 81 7c  38 00 31 00  38 00 38 00  00 e0 fd 7f  gp.|8.1.8.8.....
0x0012ffd4: b8 b6 54 80  c8 ff 12 00  a8 e0 9a fe  ff ff ff ff  ..T.............
0x0012ffe4: c0 9a 83 7c  70 70 81 7c  00 00 00 00  00 00 00 00  ...|pp.|........
0x0012fff4: 00 00 00 00  90 fa 4c 00  00 00 00 00  41 63 74 78  ......L.....Actx
0x00130004: 20 00 00 00  01 00 00 00  98 24 00 00  c4 00 00 00   ........$......
0x00130014: 00 00 00 00  20 00 00 00  00 00 00 00  14 00 00 00  .... ...........
0x00130024: 01 00 00 00  06 00 00 00  34 00 00 00  14 01 00 00  ........4.......
0x00130034: 01 00 00 00  00 00 00 00  00 00 00 00  00 00 00 00  ................
0x00130044: 00 00 00 00  00 00 00 00  02 00 00 00  00 00 00 00  ................
0x00130054: 00 00 00 00  00 00 00 00  14 02 00 00  9c 01 00 00  ................
0x00130064: 00 00 00 00  5b 49 59 2d  b0 03 00 00  32 00 00 00  ....[IY-....2...
0x00130074: e4 03 00 00  d2 02 00 00  00 00 00 00  e4 02 02 83  ................
0x00130084: b8 06 00 00  46 00 00 00  00 07 00 00  ea 02 00 00  ....F...........

Code bytes:
0x0048c51f: 8a 4e 1c 84  c9 74 0d 81  e1 ff 00 00  00 e8 5f 14  .N...t........_.



------------------------------------------------------
PROGRAM VERSION: 1.0.8.11
COMPUTER NAME: UNMSM-5421E56E4
USER NAME:	 USUARIO
TIME: 07/15/12 16:58:23. 86
INFO: 

Exception code: C0000005 ACCESS_VIOLATION
Fault address:	0048C51F 01:0008B51F C:\Archivos de programa\Starcraft\starcraft.exe

Registers:
EAX:00000000
EBX:00000009
ECX:00000000
EDX:00000005
ESI:00171E0A
EDI:00000009
CS:EIP:001B:0048C51F
SS:ESP:0023:0012FD94 EBP:0012FE7C
DS:0023 ES:0023 FS:003B GS:0000
Flags:00210206
Call stack:
Address  Frame    Logical addr  Module
0048C51F 0012FE7C 0001:0008B51F C:\Archivos de programa\Starcraft\starcraft.exe
00448520 0012FEA0 0001:00047520 C:\Archivos de programa\Starcraft\starcraft.exe
0044836E 0012FEB4 0001:0004736E C:\Archivos de programa\Starcraft\starcraft.exe
0044826B 0012FEBC 0001:0004726B C:\Archivos de programa\Starcraft\starcraft.exe

Stack bytes:
0x0012fd94: 60 c1 68 00  60 c1 68 00  6d da 49 00  40 00 00 00  `.h.`.h.m.I.@...
0x0012fda4: 5c b5 68 00  cc a4 49 00  00 00 00 00  8c b4 68 00  \.h...I.......h.
0x0012fdb4: 7c fe 12 00  03 00 00 00  90 00 00 00  09 01 00 00  |...............
0x0012fdc4: 8c 92 02 15  01 00 00 00  d8 fd 12 00  00 00 00 00  ................
0x0012fdd4: 02 00 00 00  00 00 00 00  00 00 a8 43  00 00 10 43  ...........C...C
0x0012fde4: 00 00 f0 43  88 23 4e 00  5b 7d ff 0a  00 fe 12 00  ...C.#N.[}......
0x0012fdf4: 00 00 00 00  02 00 00 00  78 9b 53 04  00 00 00 00  ........x.S.....
0x0012fe04: 50 01 00 00  90 00 00 00  e0 01 00 00  13 22 4e 00  P............"N.
0x0012fe14: a6 8f 3a 7e  01 a2 65 00  7c fe 12 00  00 00 00 00  ..:~..e.|.......
0x0012fe24: 13 00 00 00  5c 01 00 00  85 00 00 00  db 01 00 00  ....\...........
0x0012fe34: 00 00 00 00  3b 01 00 00  89 00 00 00  df 01 00 00  ....;...........
0x0012fe44: ea fe 46 00  04 00 00 00  01 00 00 00  7c fe 12 00  ..F.........|...
0x0012fe54: 03 00 00 00  01 48 00 00  32 a0 47 00  04 00 00 00  .....H..2.G.....
0x0012fe64: 01 00 00 00  ec a3 49 00  04 00 00 00  01 00 00 00  ......I.........
0x0012fe74: b5 2a 49 00  17 86 44 00  a0 fe 12 00  20 85 44 00  .*I...D..... .D.
0x0012fe84: 00 00 00 00  c4 0d 00 00  01 00 00 00  00 00 00 00  ................
0x0012fe94: 60 b5 99 01  01 00 00 00  01 00 00 00  b4 fe 12 00  `...............
0x0012fea4: 6e 83 44 00  90 ad 99 01  00 fe 12 00  00 00 00 00  n.D.............
0x0012feb4: bc fe 12 00  6b 82 44 00  0a 00 00 00  ac a6 46 00  ....k.D.......F.
0x0012fec4: 00 00 00 00  fe a4 46 00  38 00 31 00  ba 23 14 00  ......F.8.1..#..
0x0012fed4: c0 ff 12 00  00 90 fd 7f  00 02 00 00  08 00 00 00  ................
0x0012fee4: 41 0f 18 00  5f 11 27 00  41 0f 18 00  00 00 00 00  A..._.'.A.......
0x0012fef4: 20 00 00 00  22 00 00 00  00 c0 f7 0d  00 90 33 09   ...".........3.
0x0012ff04: 00 c0 b9 2e  00 00 c5 27  00 00 fe 7f  00 c0 bf 7d  .......'.......}
0x0012ff14: 00 00 00 00  00 10 00 00  00 00 01 00  ff ff fe 7f  ................
0x0012ff24: 01 00 00 00  01 00 00 00  4a 02 00 00  00 00 01 00  ........J.......
0x0012ff34: 06 00 00 07  e2 fb 4c 00  00 00 40 00  00 00 00 00  ......L...@.....
0x0012ff44: ba 23 14 00  01 00 00 00  38 00 31 00  38 00 38 00  .#......8.1.8.8.
0x0012ff54: 00 90 fd 7f  05 00 00 c0  ba 23 14 00  78 4c 38 c0  .........#..xL8.
0x0012ff64: 44 00 00 00  78 3d 14 00  88 3d 14 00  a0 3d 14 00  D...x=...=...=..
0x0012ff74: 00 00 00 00  00 00 00 00  00 00 00 00  00 00 00 00  ................
0x0012ff84: 00 00 00 00  00 00 00 00  00 00 00 00  01 0c 00 00  ................
0x0012ff94: 01 00 00 00  00 00 00 00  00 00 00 00  01 00 01 00  ................
0x0012ffa4: 00 00 00 00  4c ff 12 00  b8 f9 12 00  e0 ff 12 00  ....L...........
0x0012ffb4: f8 30 4d 00  b0 f2 4e 00  00 00 00 00  f0 ff 12 00  .0M...N.........
0x0012ffc4: 67 70 81 7c  38 00 31 00  38 00 38 00  00 90 fd 7f  gp.|8.1.8.8.....
0x0012ffd4: b8 b6 54 80  c8 ff 12 00  20 10 15 81  ff ff ff ff  ..T..... .......
0x0012ffe4: c0 9a 83 7c  70 70 81 7c  00 00 00 00  00 00 00 00  ...|pp.|........
0x0012fff4: 00 00 00 00  90 fa 4c 00  00 00 00 00  41 63 74 78  ......L.....Actx
0x00130004: 20 00 00 00  01 00 00 00  98 24 00 00  c4 00 00 00   ........$......
0x00130014: 00 00 00 00  20 00 00 00  00 00 00 00  14 00 00 00  .... ...........
0x00130024: 01 00 00 00  06 00 00 00  34 00 00 00  14 01 00 00  ........4.......
0x00130034: 01 00 00 00  00 00 00 00  00 00 00 00  00 00 00 00  ................
0x00130044: 00 00 00 00  00 00 00 00  02 00 00 00  00 00 00 00  ................
0x00130054: 00 00 00 00  00 00 00 00  14 02 00 00  9c 01 00 00  ................
0x00130064: 00 00 00 00  5b 49 59 2d  b0 03 00 00  32 00 00 00  ....[IY-....2...
0x00130074: e4 03 00 00  d2 02 00 00  00 00 00 00  e4 02 02 83  ................
0x00130084: b8 06 00 00  46 00 00 00  00 07 00 00  ea 02 00 00  ....F...........

Code bytes:
0x0048c51f: 8a 4e 1c 84  c9 74 0d 81  e1 ff 00 00  00 e8 5f 14  .N...t........_.



------------------------------------------------------
PROGRAM VERSION: 1.0.8.11
COMPUTER NAME: UNMSM-5421E56E4
USER NAME:	 USUARIO
TIME: 08/10/12 12:51:36.506
INFO: 

Exception code: C0000005 ACCESS_VIOLATION
Fault address:	0048C51F 01:0008B51F C:\Archivos de programa\Starcraft\starcraft.exe

Registers:
EAX:00000000
EBX:00000009
ECX:00000000
EDX:00000004
ESI:00040000
EDI:00000019
CS:EIP:001B:0048C51F
SS:ESP:0023:0012FD94 EBP:0012FE7C
DS:0023 ES:0023 FS:003B GS:0000
Flags:00210206
Call stack:
Address  Frame    Logical addr  Module
0048C51F 0012FE7C 0001:0008B51F C:\Archivos de programa\Starcraft\starcraft.exe
00448520 0012FEA0 0001:00047520 C:\Archivos de programa\Starcraft\starcraft.exe
0044836E 0012FEB4 0001:0004736E C:\Archivos de programa\Starcraft\starcraft.exe
0044826B 0012FEBC 0001:0004726B C:\Archivos de programa\Starcraft\starcraft.exe

Stack bytes:
0x0012fd94: c0 c1 68 00  c0 c1 68 00  6d da 49 00  40 00 00 00  ..h...h.m.I.@...
0x0012fda4: c4 b5 68 00  cc a4 49 00  00 00 00 00  c0 b4 68 00  ..h...I.......h.
0x0012fdb4: 7c fe 12 00  03 00 00 00  40 00 00 00  09 00 00 00  |.......@.......
0x0012fdc4: 29 00 00 00  15 00 00 00  57 02 00 00  00 00 00 00  ).......W.......
0x0012fdd4: c9 21 84 01  88 00 74 01  70 d0 6b 00  a5 00 00 00  .!....t.p.k.....
0x0012fde4: 80 02 00 00  00 00 00 00  08 bf 14 00  38 93 14 00  ............8...
0x0012fdf4: 6c eb 14 00  38 ea 14 00  e0 1b c2 00  34 fe 12 00  l...8.......4...
0x0012fe04: f0 18 56 00  09 16 41 00  34 fe 12 00  06 92 5b 00  ..V...A.4.....[.
0x0012fe14: 70 09 62 00  58 92 5b 00  6c fe 12 00  58 92 5b 00  p.b.X.[.l...X.[.
0x0012fe24: 06 ed 41 00  01 00 00 00  7d 16 41 00  34 fe 12 00  ..A.....}.A.4...
0x0012fe34: b9 0a 00 00  9e 0e 00 00  cf 0a 00 00  c7 0e 00 00  ................
0x0012fe44: b0 ec 41 00  bc 0a 00 00  b9 0e 00 00  04 00 00 00  ..A.............
0x0012fe54: 19 97 3a 7e  00 00 00 00  ff ff ff 7f  bc 0a 00 00  ..:~............
0x0012fe64: b9 0e 00 00  ec a3 49 00  04 00 00 00  01 00 00 00  ......I.........
0x0012fe74: b5 2a 49 00  17 86 44 00  a0 fe 12 00  20 85 44 00  .*I...D..... .D.
0x0012fe84: 00 00 00 00  b9 0e 00 00  00 00 00 00  00 00 00 00  ................
0x0012fe94: 28 7a 77 00  01 00 00 00  01 00 00 00  b4 fe 12 00  (zw.............
0x0012fea4: 6e 83 44 00  58 72 77 00  00 fe 12 00  00 00 00 00  n.D.Xrw.........
0x0012feb4: bc fe 12 00  6b 82 44 00  0a 00 00 00  ac a6 46 00  ....k.D.......F.
0x0012fec4: 00 00 00 00  fe a4 46 00  38 00 31 00  ba 23 14 00  ......F.8.1..#..
0x0012fed4: c0 ff 12 00  00 a0 fd 7f  00 02 00 00  08 00 00 00  ................
0x0012fee4: fa 3c 19 00  5f 11 27 00  fa 3c 19 00  00 00 00 00  .<.._.'..<......
0x0012fef4: 20 00 00 00  3f 00 00 00  00 c0 f7 0d  00 90 2a 05   ...?.........*.
0x0012ff04: 00 c0 29 22  00 f0 e3 1a  00 00 fe 7f  00 c0 bf 7d  ..)"...........}
0x0012ff14: 00 00 00 00  00 10 00 00  00 00 01 00  ff ff fe 7f  ................
0x0012ff24: 01 00 00 00  01 00 00 00  4a 02 00 00  00 00 01 00  ........J.......
0x0012ff34: 06 00 00 07  e2 fb 4c 00  00 00 40 00  00 00 00 00  ......L...@.....
0x0012ff44: ba 23 14 00  01 00 00 00  38 00 31 00  38 00 38 00  .#......8.1.8.8.
0x0012ff54: 00 a0 fd 7f  05 00 00 c0  ba 23 14 00  fc 40 38 c0  .........#...@8.
0x0012ff64: 44 00 00 00  78 3d 14 00  88 3d 14 00  a0 3d 14 00  D...x=...=...=..
0x0012ff74: 00 00 00 00  00 00 00 00  00 00 00 00  00 00 00 00  ................
0x0012ff84: 00 00 00 00  00 00 00 00  00 00 00 00  01 0c 00 00  ................
0x0012ff94: 01 00 00 00  00 00 00 00  00 00 00 00  01 00 01 00  ................
0x0012ffa4: 00 00 00 00  4c ff 12 00  b8 f9 12 00  e0 ff 12 00  ....L...........
0x0012ffb4: f8 30 4d 00  b0 f2 4e 00  00 00 00 00  f0 ff 12 00  .0M...N.........
0x0012ffc4: 67 70 81 7c  38 00 31 00  38 00 38 00  00 a0 fd 7f  gp.|8.1.8.8.....
0x0012ffd4: dc b9 54 80  c8 ff 12 00  48 15 28 81  ff ff ff ff  ..T.....H.(.....
0x0012ffe4: c0 9a 83 7c  70 70 81 7c  00 00 00 00  00 00 00 00  ...|pp.|........
0x0012fff4: 00 00 00 00  90 fa 4c 00  00 00 00 00  41 63 74 78  ......L.....Actx
0x00130004: 20 00 00 00  01 00 00 00  98 24 00 00  c4 00 00 00   ........$......
0x00130014: 00 00 00 00  20 00 00 00  00 00 00 00  14 00 00 00  .... ...........
0x00130024: 01 00 00 00  06 00 00 00  34 00 00 00  14 01 00 00  ........4.......
0x00130034: 01 00 00 00  00 00 00 00  00 00 00 00  00 00 00 00  ................
0x00130044: 00 00 00 00  00 00 00 00  02 00 00 00  00 00 00 00  ................
0x00130054: 00 00 00 00  00 00 00 00  14 02 00 00  9c 01 00 00  ................
0x00130064: 00 00 00 00  5b 49 59 2d  b0 03 00 00  32 00 00 00  ....[IY-....2...
0x00130074: e4 03 00 00  d2 02 00 00  00 00 00 00  e4 02 02 83  ................
0x00130084: b8 06 00 00  46 00 00 00  00 07 00 00  ea 02 00 00  ....F...........

Code bytes:
0x0048c51f: 8a 4e 1c 84  c9 74 0d 81  e1 ff 00 00  00 e8 5f 14  .N...t........_.



------------------------------------------------------
PROGRAM VERSION: 1.0.8.11
COMPUTER NAME: UNMSM-5421E56E4
USER NAME:	 USUARIO
TIME: 08/10/12 13:12:34.765
INFO: 

Exception code: C0000005 ACCESS_VIOLATION
Fault address:	00489857 01:00088857 C:\Archivos de programa\Starcraft\starcraft.exe

Registers:
EAX:00131E0A
EBX:00000004
ECX:00679410
EDX:006672E4
ESI:D1B442EA
EDI:006672E4
CS:EIP:001B:00489857
SS:ESP:0023:0012FE50 EBP:006672E8
DS:0023 ES:0023 FS:003B GS:0000
Flags:00210282
Call stack:
Address  Frame    Logical addr  Module
00489857 006672E8 0001:00088857 C:\Archivos de programa\Starcraft\starcraft.exe

Stack bytes:
0x0012fe50: 7c fe 12 00  a0 13 00 00  04 00 00 00  03 00 00 00  |...............
0x0012fe60: 0a 1e 13 00  e7 6f 48 00  e8 72 66 00  01 00 00 00  .....oH..rf.....
0x0012fe70: 03 00 00 00  63 2b 49 00  17 86 44 00  a0 fe 12 00  ....c+I...D.....
0x0012fe80: 20 85 44 00  00 00 00 00  53 0e 00 00  01 00 00 00   .D.....S.......
0x0012fe90: 00 00 00 00  4f ad 8a 00  01 00 00 00  01 00 00 00  ....O...........
0x0012fea0: b4 fe 12 00  6e 83 44 00  7f a5 8a 00  00 fe 12 00  ....n.D.........
0x0012feb0: 00 00 00 00  bc fe 12 00  6b 82 44 00  0a 00 00 00  ........k.D.....
0x0012fec0: ac a6 46 00  00 00 00 00  fe a4 46 00  01 00 00 80  ..F.......F.....
0x0012fed0: ba 23 14 00  c0 ff 12 00  00 90 fd 7f  00 02 00 00  .#..............
0x0012fee0: 08 00 00 00  40 49 19 00  5f 11 27 00  40 49 19 00  ....@I.._.'.@I..
0x0012fef0: 00 00 00 00  20 00 00 00  2b 00 00 00  00 c0 f7 0d  .... ...+.......
0x0012ff00: 00 20 db 07  00 c0 29 22  00 60 5d 1b  00 00 fe 7f  . ....)".`].....
0x0012ff10: 00 c0 bf 7d  00 00 00 00  00 10 00 00  00 00 01 00  ...}............
0x0012ff20: ff ff fe 7f  01 00 00 00  01 00 00 00  4a 02 00 00  ............J...
0x0012ff30: 00 00 01 00  06 00 00 07  e2 fb 4c 00  00 00 40 00  ..........L...@.
0x0012ff40: 00 00 00 00  ba 23 14 00  01 00 00 00  01 00 00 80  .....#..........
0x0012ff50: c4 e0 e3 00  00 90 fd 7f  05 00 00 c0  ba 23 14 00  .............#..
0x0012ff60: b8 42 38 c0  44 00 00 00  78 3d 14 00  88 3d 14 00  .B8.D...x=...=..
0x0012ff70: a0 3d 14 00  00 00 00 00  00 00 00 00  00 00 00 00  .=..............
0x0012ff80: 00 00 00 00  00 00 00 00  00 00 00 00  00 00 00 00  ................
0x0012ff90: 01 0c 00 00  01 00 00 00  00 00 00 00  00 00 00 00  ................
0x0012ffa0: 01 00 01 00  00 00 00 00  4c ff 12 00  74 fa 12 00  ........L...t...
0x0012ffb0: e0 ff 12 00  f8 30 4d 00  b0 f2 4e 00  00 00 00 00  .....0M...N.....
0x0012ffc0: f0 ff 12 00  67 70 81 7c  01 00 00 80  c4 e0 e3 00  ....gp.|........
0x0012ffd0: 00 90 fd 7f  b8 b6 54 80  c8 ff 12 00  a8 0d 61 ff  ......T.......a.
0x0012ffe0: ff ff ff ff  c0 9a 83 7c  70 70 81 7c  00 00 00 00  .......|pp.|....
0x0012fff0: 00 00 00 00  00 00 00 00  90 fa 4c 00  00 00 00 00  ..........L.....
0x00130000: 41 63 74 78  20 00 00 00  01 00 00 00  98 24 00 00  Actx ........$..
0x00130010: c4 00 00 00  00 00 00 00  20 00 00 00  00 00 00 00  ........ .......
0x00130020: 14 00 00 00  01 00 00 00  06 00 00 00  34 00 00 00  ............4...
0x00130030: 14 01 00 00  01 00 00 00  00 00 00 00  00 00 00 00  ................
0x00130040: 00 00 00 00  00 00 00 00  00 00 00 00  02 00 00 00  ................
0x00130050: 00 00 00 00  00 00 00 00  00 00 00 00  14 02 00 00  ................
0x00130060: 9c 01 00 00  00 00 00 00  5b 49 59 2d  b0 03 00 00  ........[IY-....
0x00130070: 32 00 00 00  e4 03 00 00  d2 02 00 00  00 00 00 00  2...............
0x00130080: e4 02 02 83  b8 06 00 00  46 00 00 00  00 07 00 00  ........F.......
0x00130090: ea 02 00 00  00 00 00 00  d2 d5 8c d1  ec 09 00 00  ................
0x001300a0: 46 00 00 00  34 0a 00 00  ea 02 00 00  00 00 00 00  F...4...........
0x001300b0: 2e ad 6a d8  20 0d 00 00  46 00 00 00  68 0d 00 00  ..j. ...F...h...
0x001300c0: 04 03 00 00  10 00 00 00  04 00 00 00  d4 00 00 00  ................
0x001300d0: 02 00 00 00  01 00 00 00  14 01 00 00  8c 0f 00 00  ................
0x001300e0: 01 00 00 00  02 00 00 00  a0 10 00 00  2c 03 00 00  ............,...
0x001300f0: 01 00 00 00  04 00 00 00  cc 13 00 00  50 10 00 00  ............P...
0x00130100: 02 00 00 00  06 00 00 00  1c 24 00 00  7c 00 00 00  .........$..|...
0x00130110: 02 00 00 00  53 73 48 64  2c 00 00 00  01 00 00 00  ....SsHd,.......
0x00130120: 01 00 00 00  01 00 00 00  05 00 00 00  88 00 00 00  ................
0x00130130: 01 00 00 00  58 0f 00 00  2c 00 00 00  5a 00 00 00  ....X...,...Z...
0x00130140: 5a 00 00 00  00 00 00 00  00 00 00 00  00 00 00 00  Z...............

Code bytes:
0x00489857: 8b 4e 10 33  c0 8a 41 4d  83 f8 1e 74  14 83 f8 1f  .N.3..AM...t....



------------------------------------------------------
PROGRAM VERSION: 1.0.8.11
COMPUTER NAME: UNMSM-5421E56E4
USER NAME:	 USUARIO
TIME: 08/10/12 13:18:06. 11
INFO: 

Exception code: C0000005 ACCESS_VIOLATION
Fault address:	00489857 01:00088857 C:\Archivos de programa\Starcraft\starcraft.exe

Registers:
EAX:00131E0A
EBX:00000004
ECX:00679410
EDX:006672E4
ESI:D1B442EA
EDI:006672E4
CS:EIP:001B:00489857
SS:ESP:0023:0012FE50 EBP:006672E8
DS:0023 ES:0023 FS:003B GS:0000
Flags:00210282
Call stack:
Address  Frame    Logical addr  Module
00489857 006672E8 0001:00088857 C:\Archivos de programa\Starcraft\starcraft.exe

Stack bytes:
0x0012fe50: 7c fe 12 00  a0 13 00 00  04 00 00 00  03 00 00 00  |...............
0x0012fe60: 0a 1e 13 00  e7 6f 48 00  e8 72 66 00  01 00 00 00  .....oH..rf.....
0x0012fe70: 03 00 00 00  63 2b 49 00  17 86 44 00  a0 fe 12 00  ....c+I...D.....
0x0012fe80: 20 85 44 00  00 00 00 00  a0 02 44 00  01 00 00 00   .D.......D.....
0x0012fe90: 00 00 00 00  3d bb 8f 00  01 00 00 00  01 00 00 00  ....=...........
0x0012fea0: b4 fe 12 00  6e 83 44 00  6d b3 8f 00  00 fe 12 00  ....n.D.m.......
0x0012feb0: 00 00 00 00  bc fe 12 00  6b 82 44 00  0a 00 00 00  ........k.D.....
0x0012fec0: ac a6 46 00  00 00 00 00  fe a4 46 00  01 00 00 80  ..F.......F.....
0x0012fed0: ba 23 14 00  c0 ff 12 00  00 90 fd 7f  00 02 00 00  .#..............
0x0012fee0: 08 00 00 00  3e 49 19 00  5f 11 27 00  3e 49 19 00  ....>I.._.'.>I..
0x0012fef0: 00 00 00 00  20 00 00 00  2b 00 00 00  00 c0 f7 0d  .... ...+.......
0x0012ff00: 00 d0 d8 07  00 c0 29 22  00 20 5a 1b  00 00 fe 7f  ......)". Z.....
0x0012ff10: 00 c0 bf 7d  00 00 00 00  00 10 00 00  00 00 01 00  ...}............
0x0012ff20: ff ff fe 7f  01 00 00 00  01 00 00 00  4a 02 00 00  ............J...
0x0012ff30: 00 00 01 00  06 00 00 07  e2 fb 4c 00  00 00 40 00  ..........L...@.
0x0012ff40: 00 00 00 00  ba 23 14 00  01 00 00 00  01 00 00 80  .....#..........
0x0012ff50: c4 e0 d1 00  00 90 fd 7f  05 00 00 c0  ba 23 14 00  .............#..
0x0012ff60: 60 4b 38 c0  44 00 00 00  78 3d 14 00  88 3d 14 00  `K8.D...x=...=..
0x0012ff70: a0 3d 14 00  00 00 00 00  00 00 00 00  00 00 00 00  .=..............
0x0012ff80: 00 00 00 00  00 00 00 00  00 00 00 00  00 00 00 00  ................
0x0012ff90: 01 0c 00 00  01 00 00 00  00 00 00 00  00 00 00 00  ................
0x0012ffa0: 01 00 01 00  00 00 00 00  4c ff 12 00  74 fa 12 00  ........L...t...
0x0012ffb0: e0 ff 12 00  f8 30 4d 00  b0 f2 4e 00  00 00 00 00  .....0M...N.....
0x0012ffc0: f0 ff 12 00  67 70 81 7c  01 00 00 80  c4 e0 d1 00  ....gp.|........
0x0012ffd0: 00 90 fd 7f  b8 b6 54 80  c8 ff 12 00  a8 0d 61 ff  ......T.......a.
0x0012ffe0: ff ff ff ff  c0 9a 83 7c  70 70 81 7c  00 00 00 00  .......|pp.|....
0x0012fff0: 00 00 00 00  00 00 00 00  90 fa 4c 00  00 00 00 00  ..........L.....
0x00130000: 41 63 74 78  20 00 00 00  01 00 00 00  98 24 00 00  Actx ........$..
0x00130010: c4 00 00 00  00 00 00 00  20 00 00 00  00 00 00 00  ........ .......
0x00130020: 14 00 00 00  01 00 00 00  06 00 00 00  34 00 00 00  ............4...
0x00130030: 14 01 00 00  01 00 00 00  00 00 00 00  00 00 00 00  ................
0x00130040: 00 00 00 00  00 00 00 00  00 00 00 00  02 00 00 00  ................
0x00130050: 00 00 00 00  00 00 00 00  00 00 00 00  14 02 00 00  ................
0x00130060: 9c 01 00 00  00 00 00 00  5b 49 59 2d  b0 03 00 00  ........[IY-....
0x00130070: 32 00 00 00  e4 03 00 00  d2 02 00 00  00 00 00 00  2...............
0x00130080: e4 02 02 83  b8 06 00 00  46 00 00 00  00 07 00 00  ........F.......
0x00130090: ea 02 00 00  00 00 00 00  d2 d5 8c d1  ec 09 00 00  ................
0x001300a0: 46 00 00 00  34 0a 00 00  ea 02 00 00  00 00 00 00  F...4...........
0x001300b0: 2e ad 6a d8  20 0d 00 00  46 00 00 00  68 0d 00 00  ..j. ...F...h...
0x001300c0: 04 03 00 00  10 00 00 00  04 00 00 00  d4 00 00 00  ................
0x001300d0: 02 00 00 00  01 00 00 00  14 01 00 00  8c 0f 00 00  ................
0x001300e0: 01 00 00 00  02 00 00 00  a0 10 00 00  2c 03 00 00  ............,...
0x001300f0: 01 00 00 00  04 00 00 00  cc 13 00 00  50 10 00 00  ............P...
0x00130100: 02 00 00 00  06 00 00 00  1c 24 00 00  7c 00 00 00  .........$..|...
0x00130110: 02 00 00 00  53 73 48 64  2c 00 00 00  01 00 00 00  ....SsHd,.......
0x00130120: 01 00 00 00  01 00 00 00  05 00 00 00  88 00 00 00  ................
0x00130130: 01 00 00 00  58 0f 00 00  2c 00 00 00  5a 00 00 00  ....X...,...Z...
0x00130140: 5a 00 00 00  00 00 00 00  00 00 00 00  00 00 00 00  Z...............

Code bytes:
0x00489857: 8b 4e 10 33  c0 8a 41 4d  83 f8 1e 74  14 83 f8 1f  .N.3..AM...t....



------------------------------------------------------
PROGRAM VERSION: 1.0.8.11
COMPUTER NAME: UNMSM-5421E56E4
USER NAME:	 USUARIO
TIME: 08/10/12 13:21:50.444
INFO: 

Exception code: C0000005 ACCESS_VIOLATION
Fault address:	0048C51F 01:0008B51F C:\Archivos de programa\Starcraft\starcraft.exe

Registers:
EAX:00000000
EBX:00000009
ECX:00000000
EDX:00000004
ESI:00040000
EDI:00000019
CS:EIP:001B:0048C51F
SS:ESP:0023:0012FD94 EBP:0012FE7C
DS:0023 ES:0023 FS:003B GS:0000
Flags:00210206
Call stack:
Address  Frame    Logical addr  Module
0048C51F 0012FE7C 0001:0008B51F C:\Archivos de programa\Starcraft\starcraft.exe
00448520 0012FEA0 0001:00047520 C:\Archivos de programa\Starcraft\starcraft.exe
0044836E 0012FEB4 0001:0004736E C:\Archivos de programa\Starcraft\starcraft.exe
0044826B 0012FEBC 0001:0004726B C:\Archivos de programa\Starcraft\starcraft.exe

Stack bytes:
0x0012fd94: c0 c1 68 00  c0 c1 68 00  6d da 49 00  40 00 00 00  ..h...h.m.I.@...
0x0012fda4: c4 b5 68 00  cc a4 49 00  00 00 00 00  c0 b4 68 00  ..h...I.......h.
0x0012fdb4: 7c fe 12 00  03 00 00 00  fc fd 12 00  09 fe 12 00  |...............
0x0012fdc4: 18 06 73 01  02 00 00 00  30 06 73 01  cc 07 4e 00  ..s.....0.s...N.
0x0012fdd4: 10 fe 12 00  36 93 53 04  a3 4e 4e 00  10 fe 12 00  ....6.S..NN.....
0x0012fde4: 36 93 53 04  84 8f 4a 00  24 fe 12 00  36 93 53 04  6.S...J.$...6.S.
0x0012fdf4: 74 fe 12 00  ff 04 4e 00  74 fe 12 00  e0 92 53 04  t.....N.t.....S.
0x0012fe04: 28 1f 02 15  28 c5 03 15  a0 01 cb 05  06 99 53 04  (...(.........S.
0x0012fe14: 1e 20 93 00  9f ab 47 00  30 fe 12 00  2c fe 12 00  . ....G.0...,...
0x0012fe24: 06 fe 12 00  01 00 00 00  00 00 00 00  f8 99 53 04  ..............S.
0x0012fe34: 50 84 4e 00  0a 20 93 00  30 03 cb 05  c4 fa 3a 7e  P.N.. ..0.....:~
0x0012fe44: 1e 20 93 00  ba 84 39 7e  5d 97 3a 7e  6c fe 12 00  . ....9~].:~l...
0x0012fe54: 26 00 00 00  00 00 00 00  a4 d9 4d 00  6c fe 12 00  &.........M.l...
0x0012fe64: 9c fe 12 00  ec a3 49 00  04 00 00 00  01 00 00 00  ......I.........
0x0012fe74: b5 2a 49 00  17 86 44 00  a0 fe 12 00  20 85 44 00  .*I...D..... .D.
0x0012fe84: 00 00 00 00  11 37 4a 00  00 00 00 00  00 00 00 00  .....7J.........
0x0012fe94: ee 27 93 00  01 00 00 00  01 00 00 00  b4 fe 12 00  .'..............
0x0012fea4: 6e 83 44 00  1e 20 93 00  01 fe 12 00  00 00 00 00  n.D.. ..........
0x0012feb4: bc fe 12 00  6b 82 44 00  0a 00 00 00  ac a6 46 00  ....k.D.......F.
0x0012fec4: 00 00 00 00  fe a4 46 00  01 00 00 80  ba 23 14 00  ......F......#..
0x0012fed4: c0 ff 12 00  00 e0 fd 7f  00 02 00 00  08 00 00 00  ................
0x0012fee4: 3b 49 19 00  5f 11 27 00  3b 49 19 00  00 00 00 00  ;I.._.'.;I......
0x0012fef4: 20 00 00 00  2b 00 00 00  00 c0 f7 0d  00 90 de 07   ...+...........
0x0012ff04: 00 c0 29 22  00 e0 5a 1b  00 00 fe 7f  00 c0 bf 7d  ..)"..Z........}
0x0012ff14: 00 00 00 00  00 10 00 00  00 00 01 00  ff ff fe 7f  ................
0x0012ff24: 01 00 00 00  01 00 00 00  4a 02 00 00  00 00 01 00  ........J.......
0x0012ff34: 06 00 00 07  e2 fb 4c 00  00 00 40 00  00 00 00 00  ......L...@.....
0x0012ff44: ba 23 14 00  01 00 00 00  01 00 00 80  c4 e0 c5 00  .#..............
0x0012ff54: 00 e0 fd 7f  05 00 00 c0  ba 23 14 00  60 4b 38 c0  .........#..`K8.
0x0012ff64: 44 00 00 00  78 3d 14 00  88 3d 14 00  a0 3d 14 00  D...x=...=...=..
0x0012ff74: 00 00 00 00  00 00 00 00  00 00 00 00  00 00 00 00  ................
0x0012ff84: 00 00 00 00  00 00 00 00  00 00 00 00  01 0c 00 00  ................
0x0012ff94: 01 00 00 00  00 00 00 00  00 00 00 00  01 00 01 00  ................
0x0012ffa4: 00 00 00 00  4c ff 12 00  b8 f9 12 00  e0 ff 12 00  ....L...........
0x0012ffb4: f8 30 4d 00  b0 f2 4e 00  00 00 00 00  f0 ff 12 00  .0M...N.........
0x0012ffc4: 67 70 81 7c  01 00 00 80  c4 e0 c5 00  00 e0 fd 7f  gp.|............
0x0012ffd4: b8 b6 54 80  c8 ff 12 00  98 2b 61 ff  ff ff ff ff  ..T......+a.....
0x0012ffe4: c0 9a 83 7c  70 70 81 7c  00 00 00 00  00 00 00 00  ...|pp.|........
0x0012fff4: 00 00 00 00  90 fa 4c 00  00 00 00 00  41 63 74 78  ......L.....Actx
0x00130004: 20 00 00 00  01 00 00 00  98 24 00 00  c4 00 00 00   ........$......
0x00130014: 00 00 00 00  20 00 00 00  00 00 00 00  14 00 00 00  .... ...........
0x00130024: 01 00 00 00  06 00 00 00  34 00 00 00  14 01 00 00  ........4.......
0x00130034: 01 00 00 00  00 00 00 00  00 00 00 00  00 00 00 00  ................
0x00130044: 00 00 00 00  00 00 00 00  02 00 00 00  00 00 00 00  ................
0x00130054: 00 00 00 00  00 00 00 00  14 02 00 00  9c 01 00 00  ................
0x00130064: 00 00 00 00  5b 49 59 2d  b0 03 00 00  32 00 00 00  ....[IY-....2...
0x00130074: e4 03 00 00  d2 02 00 00  00 00 00 00  e4 02 02 83  ................
0x00130084: b8 06 00 00  46 00 00 00  00 07 00 00  ea 02 00 00  ....F...........

Code bytes:
0x0048c51f: 8a 4e 1c 84  c9 74 0d 81  e1 ff 00 00  00 e8 5f 14  .N...t........_.



------------------------------------------------------
PROGRAM VERSION: 1.0.8.11
COMPUTER NAME: UNMSM-5421E56E4
USER NAME:	 USUARIO
TIME: 08/10/12 15:29:21.969
INFO: 

Exception code: C0000005 ACCESS_VIOLATION
Fault address:	0048C51F 01:0008B51F C:\Archivos de programa\Starcraft\starcraft.exe

Registers:
EAX:00000009
EBX:00000009
ECX:00000009
EDX:00000004
ESI:00171E0A
EDI:00000019
CS:EIP:001B:0048C51F
SS:ESP:0023:0012FD94 EBP:0012FE7C
DS:0023 ES:0023 FS:003B GS:0000
Flags:00210206
Call stack:
Address  Frame    Logical addr  Module
0048C51F 0012FE7C 0001:0008B51F C:\Archivos de programa\Starcraft\starcraft.exe
00448520 0012FEA0 0001:00047520 C:\Archivos de programa\Starcraft\starcraft.exe
0044836E 0012FEB4 0001:0004736E C:\Archivos de programa\Starcraft\starcraft.exe
0044826B 0012FEBC 0001:0004726B C:\Archivos de programa\Starcraft\starcraft.exe

Stack bytes:
0x0012fd94: c0 c1 68 00  c0 c1 68 00  6d da 49 00  40 00 00 00  ..h...h.m.I.@...
0x0012fda4: c4 b5 68 00  cc a4 49 00  00 00 00 00  c0 b4 68 00  ..h...I.......h.
0x0012fdb4: 7c fe 12 00  03 00 00 00  40 00 00 00  09 00 00 00  |.......@.......
0x0012fdc4: 25 00 00 00  16 00 00 00  5b 02 00 00  00 00 00 00  %.......[.......
0x0012fdd4: 87 dc 83 01  88 00 74 01  70 d0 6b 00  0b 00 00 00  ......t.p.k.....
0x0012fde4: 80 02 00 00  00 00 00 00  08 bf 14 00  38 93 14 00  ............8...
0x0012fdf4: 6c eb 14 00  38 ea 14 00  e0 1b c2 00  34 fe 12 00  l...8.......4...
0x0012fe04: 70 95 55 00  09 16 41 00  34 fe 12 00  06 92 5b 00  p.U...A.4.....[.
0x0012fe14: a8 1c 62 00  58 92 5b 00  6c fe 12 00  58 92 5b 00  ..b.X.[.l...X.[.
0x0012fe24: 06 ed 41 00  01 00 00 00  7d 16 41 00  34 fe 12 00  ..A.....}.A.4...
0x0012fe34: e1 0a 00 00  4e 0c 00 00  1f 0b 00 00  74 0c 00 00  ....N.......t...
0x0012fe44: b0 ec 41 00  0a 0a 00 00  be 0b 00 00  04 00 00 00  ..A.............
0x0012fe54: 19 97 3a 7e  00 00 00 00  ff ff ff 7f  0a 0a 00 00  ..:~............
0x0012fe64: be 0b 00 00  ec a3 49 00  04 00 00 00  01 00 00 00  ......I.........
0x0012fe74: b5 2a 49 00  17 86 44 00  a0 fe 12 00  20 85 44 00  .*I...D..... .D.
0x0012fe84: 00 00 00 00  be 0b 00 00  00 00 00 00  00 00 00 00  ................
0x0012fe94: 53 75 0e 00  01 00 00 00  01 00 00 00  b4 fe 12 00  Su..............
0x0012fea4: 6e 83 44 00  83 6d 0e 00  00 fe 12 00  00 00 00 00  n.D..m..........
0x0012feb4: bc fe 12 00  6b 82 44 00  0a 00 00 00  ac a6 46 00  ....k.D.......F.
0x0012fec4: 00 00 00 00  fe a4 46 00  38 00 31 00  ba 23 14 00  ......F.8.1..#..
0x0012fed4: c0 ff 12 00  00 60 fd 7f  00 02 00 00  08 00 00 00  .....`..........
0x0012fee4: ef 48 19 00  5f 11 27 00  ef 48 19 00  00 00 00 00  .H.._.'..H......
0x0012fef4: 20 00 00 00  43 00 00 00  00 c0 f7 0d  00 c0 88 04   ...C...........
0x0012ff04: 00 c0 29 22  00 70 47 1a  00 00 fe 7f  00 c0 bf 7d  ..)".pG........}
0x0012ff14: 00 00 00 00  00 10 00 00  00 00 01 00  ff ff fe 7f  ................
0x0012ff24: 01 00 00 00  01 00 00 00  4a 02 00 00  00 00 01 00  ........J.......
0x0012ff34: 06 00 00 07  e2 fb 4c 00  00 00 40 00  00 00 00 00  ......L...@.....
0x0012ff44: ba 23 14 00  01 00 00 00  38 00 31 00  38 00 38 00  .#......8.1.8.8.
0x0012ff54: 00 60 fd 7f  05 00 00 c0  ba 23 14 00  b9 f1 6e 80  .`.......#....n.
0x0012ff64: 44 00 00 00  78 3d 14 00  88 3d 14 00  a0 3d 14 00  D...x=...=...=..
0x0012ff74: 00 00 00 00  00 00 00 00  00 00 00 00  00 00 00 00  ................
0x0012ff84: 00 00 00 00  00 00 00 00  00 00 00 00  01 0c 00 00  ................
0x0012ff94: 01 00 00 00  00 00 00 00  00 00 00 00  01 00 01 00  ................
0x0012ffa4: 00 00 00 00  4c ff 12 00  b8 f9 12 00  e0 ff 12 00  ....L...........
0x0012ffb4: f8 30 4d 00  b0 f2 4e 00  00 00 00 00  f0 ff 12 00  .0M...N.........
0x0012ffc4: 67 70 81 7c  38 00 31 00  38 00 38 00  00 60 fd 7f  gp.|8.1.8.8..`..
0x0012ffd4: b8 b6 54 80  c8 ff 12 00  58 ac 9a fe  ff ff ff ff  ..T.....X.......
0x0012ffe4: c0 9a 83 7c  70 70 81 7c  00 00 00 00  00 00 00 00  ...|pp.|........
0x0012fff4: 00 00 00 00  90 fa 4c 00  00 00 00 00  41 63 74 78  ......L.....Actx
0x00130004: 20 00 00 00  01 00 00 00  98 24 00 00  c4 00 00 00   ........$......
0x00130014: 00 00 00 00  20 00 00 00  00 00 00 00  14 00 00 00  .... ...........
0x00130024: 01 00 00 00  06 00 00 00  34 00 00 00  14 01 00 00  ........4.......
0x00130034: 01 00 00 00  00 00 00 00  00 00 00 00  00 00 00 00  ................
0x00130044: 00 00 00 00  00 00 00 00  02 00 00 00  00 00 00 00  ................
0x00130054: 00 00 00 00  00 00 00 00  14 02 00 00  9c 01 00 00  ................
0x00130064: 00 00 00 00  5b 49 59 2d  b0 03 00 00  32 00 00 00  ....[IY-....2...
0x00130074: e4 03 00 00  d2 02 00 00  00 00 00 00  e4 02 02 83  ................
0x00130084: b8 06 00 00  46 00 00 00  00 07 00 00  ea 02 00 00  ....F...........

Code bytes:
0x0048c51f: 8a 4e 1c 84  c9 74 0d 81  e1 ff 00 00  00 e8 5f 14  .N...t........_.



------------------------------------------------------
PROGRAM VERSION: 1.0.8.11
COMPUTER NAME: UNMSM-5421E56E4
USER NAME:	 USUARIO
TIME: 08/10/12 15:33:32.559
INFO: 

Exception code: C0000005 ACCESS_VIOLATION
Fault address:	0048C51F 01:0008B51F C:\Archivos de programa\Starcraft\starcraft.exe

Registers:
EAX:00000009
EBX:00000009
ECX:00000009
EDX:00000004
ESI:00171E0A
EDI:00000019
CS:EIP:001B:0048C51F
SS:ESP:0023:0012FD94 EBP:0012FE7C
DS:0023 ES:0023 FS:003B GS:0000
Flags:00210206
Call stack:
Address  Frame    Logical addr  Module
0048C51F 0012FE7C 0001:0008B51F C:\Archivos de programa\Starcraft\starcraft.exe
00448520 0012FEA0 0001:00047520 C:\Archivos de programa\Starcraft\starcraft.exe
0044836E 0012FEB4 0001:0004736E C:\Archivos de programa\Starcraft\starcraft.exe
0044826B 0012FEBC 0001:0004726B C:\Archivos de programa\Starcraft\starcraft.exe

Stack bytes:
0x0012fd94: c0 c1 68 00  c0 c1 68 00  6d da 49 00  40 00 00 00  ..h...h.m.I.@...
0x0012fda4: c4 b5 68 00  cc a4 49 00  00 00 00 00  c0 b4 68 00  ..h...I.......h.
0x0012fdb4: 7c fe 12 00  03 00 00 00  30 00 00 00  09 00 00 00  |.......0.......
0x0012fdc4: 00 00 00 00  01 00 00 00  98 fd 12 00  18 01 01 00  ................
0x0012fdd4: 34 fe 12 00  8f 04 3c 7e  30 88 39 7e  ff ff ff ff  4.....<~0.9~....
0x0012fde4: 2a 88 39 7e  cd 89 39 7e  00 00 00 00  e9 93 39 7e  *.9~..9~......9~
0x0012fdf4: a8 93 39 7e  88 fe 12 00  00 00 00 00  00 00 00 00  ..9~............
0x0012fe04: 00 00 00 00  01 00 00 00  b6 04 4e 00  06 04 4e 00  ..........N...N.
0x0012fe14: b6 04 4e 00  74 fe 12 00  50 7f 51 04  c4 fa 3a 7e  ..N.t...P.Q...:~
0x0012fe24: 06 fe 12 00  3f 04 4e 00  50 7f 51 04  42 0b 4e 00  ....?.N.P.Q.B.N.
0x0012fe34: 74 fe 12 00  50 7f 51 04  74 fe 12 00  28 f8 4d 00  t...P.Q.t...(.M.
0x0012fe44: 00 00 00 00  00 00 00 00  ef 32 4e 00  2b 77 3a 7e  .........2N.+w:~
0x0012fe54: ba 84 39 7e  5d 97 3a 7e  78 fe 12 00  26 00 00 00  ..9~].:~x...&...
0x0012fe64: b4 fe 12 00  ec a3 49 00  04 00 00 00  01 00 00 00  ......I.........
0x0012fe74: b5 2a 49 00  17 86 44 00  a0 fe 12 00  20 85 44 00  .*I...D..... .D.
0x0012fe84: 00 00 00 00  31 03 44 00  00 00 00 00  00 00 00 00  ....1.D.........
0x0012fe94: 81 6b 03 00  01 00 00 00  01 00 00 00  b4 fe 12 00  .k..............
0x0012fea4: 6e 83 44 00  b1 63 03 00  00 fe 12 00  00 00 00 00  n.D..c..........
0x0012feb4: bc fe 12 00  6b 82 44 00  0a 00 00 00  ac a6 46 00  ....k.D.......F.
0x0012fec4: 00 00 00 00  fe a4 46 00  38 00 31 00  ba 23 14 00  ......F.8.1..#..
0x0012fed4: c0 ff 12 00  00 60 fd 7f  00 02 00 00  08 00 00 00  .....`..........
0x0012fee4: 90 44 19 00  5f 11 27 00  90 44 19 00  00 00 00 00  .D.._.'..D......
0x0012fef4: 20 00 00 00  41 00 00 00  00 c0 f7 0d  00 70 c1 04   ...A........p..
0x0012ff04: 00 c0 29 22  00 20 df 1a  00 00 fe 7f  00 c0 bf 7d  ..)". .........}
0x0012ff14: 00 00 00 00  00 10 00 00  00 00 01 00  ff ff fe 7f  ................
0x0012ff24: 01 00 00 00  01 00 00 00  4a 02 00 00  00 00 01 00  ........J.......
0x0012ff34: 06 00 00 07  e2 fb 4c 00  00 00 40 00  00 00 00 00  ......L...@.....
0x0012ff44: ba 23 14 00  01 00 00 00  38 00 31 00  38 00 38 00  .#......8.1.8.8.
0x0012ff54: 00 60 fd 7f  05 00 00 c0  ba 23 14 00  b9 f1 6e 80  .`.......#....n.
0x0012ff64: 44 00 00 00  78 3d 14 00  88 3d 14 00  a0 3d 14 00  D...x=...=...=..
0x0012ff74: 00 00 00 00  00 00 00 00  00 00 00 00  00 00 00 00  ................
0x0012ff84: 00 00 00 00  00 00 00 00  00 00 00 00  01 0c 00 00  ................
0x0012ff94: 01 00 00 00  00 00 00 00  00 00 00 00  01 00 01 00  ................
0x0012ffa4: 00 00 00 00  4c ff 12 00  b8 f9 12 00  e0 ff 12 00  ....L...........
0x0012ffb4: f8 30 4d 00  b0 f2 4e 00  00 00 00 00  f0 ff 12 00  .0M...N.........
0x0012ffc4: 67 70 81 7c  38 00 31 00  38 00 38 00  00 60 fd 7f  gp.|8.1.8.8..`..
0x0012ffd4: b8 b6 54 80  c8 ff 12 00  a8 dd 9d fe  ff ff ff ff  ..T.............
0x0012ffe4: c0 9a 83 7c  70 70 81 7c  00 00 00 00  00 00 00 00  ...|pp.|........
0x0012fff4: 00 00 00 00  90 fa 4c 00  00 00 00 00  41 63 74 78  ......L.....Actx
0x00130004: 20 00 00 00  01 00 00 00  98 24 00 00  c4 00 00 00   ........$......
0x00130014: 00 00 00 00  20 00 00 00  00 00 00 00  14 00 00 00  .... ...........
0x00130024: 01 00 00 00  06 00 00 00  34 00 00 00  14 01 00 00  ........4.......
0x00130034: 01 00 00 00  00 00 00 00  00 00 00 00  00 00 00 00  ................
0x00130044: 00 00 00 00  00 00 00 00  02 00 00 00  00 00 00 00  ................
0x00130054: 00 00 00 00  00 00 00 00  14 02 00 00  9c 01 00 00  ................
0x00130064: 00 00 00 00  5b 49 59 2d  b0 03 00 00  32 00 00 00  ....[IY-....2...
0x00130074: e4 03 00 00  d2 02 00 00  00 00 00 00  e4 02 02 83  ................
0x00130084: b8 06 00 00  46 00 00 00  00 07 00 00  ea 02 00 00  ....F...........

Code bytes:
0x0048c51f: 8a 4e 1c 84  c9 74 0d 81  e1 ff 00 00  00 e8 5f 14  .N...t........_.



------------------------------------------------------
PROGRAM VERSION: 1.0.8.11
COMPUTER NAME: UNMSM-5421E56E4
USER NAME:	 USUARIO
TIME: 08/10/12 15:36:20.901
INFO: 

Exception code: C0000005 ACCESS_VIOLATION
Fault address:	0048C51F 01:0008B51F C:\Archivos de programa\Starcraft\starcraft.exe

Registers:
EAX:00000009
EBX:00000009
ECX:00000009
EDX:00000004
ESI:00171E0A
EDI:00000019
CS:EIP:001B:0048C51F
SS:ESP:0023:0012FD94 EBP:0012FE7C
DS:0023 ES:0023 FS:003B GS:0000
Flags:00210206
Call stack:
Address  Frame    Logical addr  Module
0048C51F 0012FE7C 0001:0008B51F C:\Archivos de programa\Starcraft\starcraft.exe
00448520 0012FEA0 0001:00047520 C:\Archivos de programa\Starcraft\starcraft.exe
0044836E 0012FEB4 0001:0004736E C:\Archivos de programa\Starcraft\starcraft.exe
0044826B 0012FEBC 0001:0004726B C:\Archivos de programa\Starcraft\starcraft.exe

Stack bytes:
0x0012fd94: c0 c1 68 00  c0 c1 68 00  6d da 49 00  40 00 00 00  ..h...h.m.I.@...
0x0012fda4: c4 b5 68 00  cc a4 49 00  00 00 00 00  c0 b4 68 00  ..h...I.......h.
0x0012fdb4: 7c fe 12 00  03 00 00 00  4e 9a 53 04  09 fe 12 00  |.......N.S.....
0x0012fdc4: 50 9b 53 04  a3 4e 4e 00  34 fe 12 00  50 9b 53 04  P.S..NN.4...P.S.
0x0012fdd4: c6 01 47 00  34 fe 12 00  00 00 00 00  c4 fa 3a 7e  ..G.4.........:~
0x0012fde4: 50 9b 53 04  4f 05 4e 00  3d f5 05 00  f8 99 53 04  P.S.O.N.=.....S.
0x0012fdf4: 34 fe 12 00  e5 07 4e 00  c0 11 4e 00  34 fe 12 00  4.....N...N.4...
0x0012fe04: f8 99 53 04  15 0b 4e 00  34 fe 12 00  06 99 53 04  ..S...N.4.....S.
0x0012fe14: 3d f5 05 00  de 0a 47 00  50 01 cb 05  58 03 cb 05  =.....G.P...X...
0x0012fe24: 06 fa 3a 7e  34 fe 12 00  0a 34 4e 00  ac df 91 7c  ..:~4....4N....|
0x0012fe34: 50 84 4e 00  3d f5 05 00  50 01 cb 05  c4 fa 3a 7e  P.N.=...P.....:~
0x0012fe44: 20 54 02 00  ec 07 87 05  3e 00 00 00  92 d2 93 04   T......>.......
0x0012fe54: 0e 4e 40 00  20 54 02 00  69 00 00 00  41 00 00 00  .N@. T..i...A...
0x0012fe64: 01 00 00 00  ec a3 49 00  04 00 00 00  01 00 00 00  ......I.........
0x0012fe74: b5 2a 49 00  17 86 44 00  a0 fe 12 00  20 85 44 00  .*I...D..... .D.
0x0012fe84: 00 00 00 00  b9 38 4a 00  00 00 00 00  00 00 00 00  .....8J.........
0x0012fe94: 17 fd 05 00  01 00 00 00  01 00 00 00  b4 fe 12 00  ................
0x0012fea4: 6e 83 44 00  47 f5 05 00  01 fe 12 00  00 00 00 00  n.D.G...........
0x0012feb4: bc fe 12 00  6b 82 44 00  0a 00 00 00  ac a6 46 00  ....k.D.......F.
0x0012fec4: 00 00 00 00  fe a4 46 00  01 00 00 80  ba 23 14 00  ......F......#..
0x0012fed4: c0 ff 12 00  00 e0 fd 7f  00 02 00 00  08 00 00 00  ................
0x0012fee4: 70 44 19 00  5f 11 27 00  70 44 19 00  00 00 00 00  pD.._.'.pD......
0x0012fef4: 20 00 00 00  40 00 00 00  00 c0 f7 0d  00 b0 05 05   ...@...........
0x0012ff04: 00 c0 29 22  00 70 f1 1a  00 00 fe 7f  00 c0 bf 7d  ..)".p.........}
0x0012ff14: 00 00 00 00  00 10 00 00  00 00 01 00  ff ff fe 7f  ................
0x0012ff24: 01 00 00 00  01 00 00 00  4a 02 00 00  00 00 01 00  ........J.......
0x0012ff34: 06 00 00 07  e2 fb 4c 00  00 00 40 00  00 00 00 00  ......L...@.....
0x0012ff44: ba 23 14 00  01 00 00 00  01 00 00 80  c4 e0 fd 00  .#..............
0x0012ff54: 00 e0 fd 7f  05 00 00 c0  ba 23 14 00  0c 42 38 c0  .........#...B8.
0x0012ff64: 44 00 00 00  78 3d 14 00  88 3d 14 00  a0 3d 14 00  D...x=...=...=..
0x0012ff74: 00 00 00 00  00 00 00 00  00 00 00 00  00 00 00 00  ................
0x0012ff84: 00 00 00 00  00 00 00 00  00 00 00 00  01 0c 00 00  ................
0x0012ff94: 01 00 00 00  00 00 00 00  00 00 00 00  01 00 01 00  ................
0x0012ffa4: 00 00 00 00  4c ff 12 00  b8 f9 12 00  e0 ff 12 00  ....L...........
0x0012ffb4: f8 30 4d 00  b0 f2 4e 00  00 00 00 00  f0 ff 12 00  .0M...N.........
0x0012ffc4: 67 70 81 7c  01 00 00 80  c4 e0 fd 00  00 e0 fd 7f  gp.|............
0x0012ffd4: b8 b6 54 80  c8 ff 12 00  e8 94 1a 81  ff ff ff ff  ..T.............
0x0012ffe4: c0 9a 83 7c  70 70 81 7c  00 00 00 00  00 00 00 00  ...|pp.|........
0x0012fff4: 00 00 00 00  90 fa 4c 00  00 00 00 00  41 63 74 78  ......L.....Actx
0x00130004: 20 00 00 00  01 00 00 00  98 24 00 00  c4 00 00 00   ........$......
0x00130014: 00 00 00 00  20 00 00 00  00 00 00 00  14 00 00 00  .... ...........
0x00130024: 01 00 00 00  06 00 00 00  34 00 00 00  14 01 00 00  ........4.......
0x00130034: 01 00 00 00  00 00 00 00  00 00 00 00  00 00 00 00  ................
0x00130044: 00 00 00 00  00 00 00 00  02 00 00 00  00 00 00 00  ................
0x00130054: 00 00 00 00  00 00 00 00  14 02 00 00  9c 01 00 00  ................
0x00130064: 00 00 00 00  5b 49 59 2d  b0 03 00 00  32 00 00 00  ....[IY-....2...
0x00130074: e4 03 00 00  d2 02 00 00  00 00 00 00  e4 02 02 83  ................
0x00130084: b8 06 00 00  46 00 00 00  00 07 00 00  ea 02 00 00  ....F...........

Code bytes:
0x0048c51f: 8a 4e 1c 84  c9 74 0d 81  e1 ff 00 00  00 e8 5f 14  .N...t........_.



------------------------------------------------------
PROGRAM VERSION: 1.0.8.11
COMPUTER NAME: UNMSM-5421E56E4
USER NAME:	 USUARIO
TIME: 08/10/12 15:38:37.407
INFO: 

Exception code: C0000005 ACCESS_VIOLATION
Fault address:	0048C51F 01:0008B51F C:\Archivos de programa\Starcraft\starcraft.exe

Registers:
EAX:00000009
EBX:00000009
ECX:00000009
EDX:00000004
ESI:00171E0A
EDI:00000019
CS:EIP:001B:0048C51F
SS:ESP:0023:0012FD94 EBP:0012FE7C
DS:0023 ES:0023 FS:003B GS:0000
Flags:00210206
Call stack:
Address  Frame    Logical addr  Module
0048C51F 0012FE7C 0001:0008B51F C:\Archivos de programa\Starcraft\starcraft.exe
00448520 0012FEA0 0001:00047520 C:\Archivos de programa\Starcraft\starcraft.exe
0044836E 0012FEB4 0001:0004736E C:\Archivos de programa\Starcraft\starcraft.exe
0044826B 0012FEBC 0001:0004726B C:\Archivos de programa\Starcraft\starcraft.exe

Stack bytes:
0x0012fd94: c0 c1 68 00  c0 c1 68 00  6d da 49 00  40 00 00 00  ..h...h.m.I.@...
0x0012fda4: c4 b5 68 00  cc a4 49 00  00 00 00 00  c0 b4 68 00  ..h...I.......h.
0x0012fdb4: 7c fe 12 00  03 00 00 00  90 00 00 00  09 01 00 00  |...............
0x0012fdc4: 8c 92 02 15  01 00 00 00  d8 fd 12 00  00 00 00 00  ................
0x0012fdd4: 02 00 00 00  00 00 00 00  00 00 a8 43  00 00 10 43  ...........C...C
0x0012fde4: 00 00 f0 43  88 23 4e 00  16 46 fc 0a  00 fe 12 00  ...C.#N..F......
0x0012fdf4: 00 00 00 00  02 00 00 00  f8 99 8c 04  00 00 00 00  ................
0x0012fe04: 50 01 00 00  90 00 00 00  e0 01 00 00  06 22 4e 00  P............"N.
0x0012fe14: a6 8f 3a 7e  96 a2 65 00  7c fe 12 00  00 00 00 00  ..:~..e.|.......
0x0012fe24: 06 00 00 00  5c 01 00 00  85 00 00 00  db 01 00 00  ....\...........
0x0012fe34: 00 00 00 00  3b 01 00 00  89 00 00 00  df 01 00 00  ....;...........
0x0012fe44: ea fe 46 00  04 00 00 00  01 00 00 00  7c fe 12 00  ..F.........|...
0x0012fe54: 03 00 00 00  01 00 00 00  32 a0 47 00  04 00 00 00  ........2.G.....
0x0012fe64: 01 00 00 00  ec a3 49 00  04 00 00 00  01 00 00 00  ......I.........
0x0012fe74: b5 2a 49 00  17 86 44 00  a0 fe 12 00  20 85 44 00  .*I...D..... .D.
0x0012fe84: 00 00 00 00  11 37 4a 00  01 00 00 00  00 00 00 00  .....7J.........
0x0012fe94: 51 12 08 00  01 00 00 00  01 00 00 00  b4 fe 12 00  Q...............
0x0012fea4: 6e 83 44 00  81 0a 08 00  01 fe 12 00  00 00 00 00  n.D.............
0x0012feb4: bc fe 12 00  6b 82 44 00  0a 00 00 00  ac a6 46 00  ....k.D.......F.
0x0012fec4: 00 00 00 00  fe a4 46 00  01 00 00 80  ba 23 14 00  ......F......#..
0x0012fed4: c0 ff 12 00  00 40 fd 7f  00 02 00 00  08 00 00 00  .....@..........
0x0012fee4: 65 44 19 00  5f 11 27 00  65 44 19 00  00 00 00 00  eD.._.'.eD......
0x0012fef4: 20 00 00 00  3f 00 00 00  00 c0 f7 0d  00 d0 2a 05   ...?.........*.
0x0012ff04: 00 c0 29 22  00 20 73 1b  00 00 fe 7f  00 c0 bf 7d  ..)". s........}
0x0012ff14: 00 00 00 00  00 10 00 00  00 00 01 00  ff ff fe 7f  ................
0x0012ff24: 01 00 00 00  01 00 00 00  4a 02 00 00  00 00 01 00  ........J.......
0x0012ff34: 06 00 00 07  e2 fb 4c 00  00 00 40 00  00 00 00 00  ......L...@.....
0x0012ff44: ba 23 14 00  01 00 00 00  01 00 00 80  c4 e0 70 01  .#............p.
0x0012ff54: 00 40 fd 7f  05 00 00 c0  ba 23 14 00  0c 42 38 c0  .@.......#...B8.
0x0012ff64: 44 00 00 00  78 3d 14 00  88 3d 14 00  a0 3d 14 00  D...x=...=...=..
0x0012ff74: 00 00 00 00  00 00 00 00  00 00 00 00  00 00 00 00  ................
0x0012ff84: 00 00 00 00  00 00 00 00  00 00 00 00  01 0c 00 00  ................
0x0012ff94: 01 00 00 00  00 00 00 00  00 00 00 00  01 00 01 00  ................
0x0012ffa4: 00 00 00 00  4c ff 12 00  b8 f9 12 00  e0 ff 12 00  ....L...........
0x0012ffb4: f8 30 4d 00  b0 f2 4e 00  00 00 00 00  f0 ff 12 00  .0M...N.........
0x0012ffc4: 67 70 81 7c  01 00 00 80  c4 e0 70 01  00 40 fd 7f  gp.|......p..@..
0x0012ffd4: b8 b6 54 80  c8 ff 12 00  a0 77 65 ff  ff ff ff ff  ..T......we.....
0x0012ffe4: c0 9a 83 7c  70 70 81 7c  00 00 00 00  00 00 00 00  ...|pp.|........
0x0012fff4: 00 00 00 00  90 fa 4c 00  00 00 00 00  41 63 74 78  ......L.....Actx
0x00130004: 20 00 00 00  01 00 00 00  98 24 00 00  c4 00 00 00   ........$......
0x00130014: 00 00 00 00  20 00 00 00  00 00 00 00  14 00 00 00  .... ...........
0x00130024: 01 00 00 00  06 00 00 00  34 00 00 00  14 01 00 00  ........4.......
0x00130034: 01 00 00 00  00 00 00 00  00 00 00 00  00 00 00 00  ................
0x00130044: 00 00 00 00  00 00 00 00  02 00 00 00  00 00 00 00  ................
0x00130054: 00 00 00 00  00 00 00 00  14 02 00 00  9c 01 00 00  ................
0x00130064: 00 00 00 00  5b 49 59 2d  b0 03 00 00  32 00 00 00  ....[IY-....2...
0x00130074: e4 03 00 00  d2 02 00 00  00 00 00 00  e4 02 02 83  ................
0x00130084: b8 06 00 00  46 00 00 00  00 07 00 00  ea 02 00 00  ....F...........

Code bytes:
0x0048c51f: 8a 4e 1c 84  c9 74 0d 81  e1 ff 00 00  00 e8 5f 14  .N...t........_.


